<?xml version='1.0' encoding='UTF-8'?>
<testsuite hostname="DESKTOP-OA9C77B" name="PalindromeNumberTest" tests="1" errors="0" failures="0" skipped="0" time="0.036" timestamp="2020-03-30T12:52:10">
                     <properties>
[...]
</properties>
                     <testcase classname="PalindromeNumberTest" name="PalindromeNumber should get true from 121" time="0.036">
                                                 
                                               </testcase>
                     <system-out><![CDATA[]]></system-out>
                     <system-err><![CDATA[]]></system-err>
                   </testsuite>